Using pre-set license
Built from '2021.3/staging' branch; Version is '2021.3.2f1 (d6360bedb9a0) revision 14038539'; Using compiler version '192829333'; Build Type 'Release'
OS: 'Windows 10  (10.0.19045) 64bit Core' Language: 'en' Physical Memory: 16314 MB
BatchMode: 1, IsHumanControllingUs: 0, StartBugReporterOnCrash: 0, Is64bit: 1, IsPro: 1

COMMAND LINE ARGUMENTS:
C:\Program Files\Unity\Hub\Editor\2021.3.2f1\Editor\Unity.exe
-adb2
-batchMode
-noUpm
-name
AssetImportWorker0
-projectPath
C:/Users/meare/Desktop/Cargame/UnityProject
-logFile
Logs/AssetImportWorker0.log
-srvPort
63790
Successfully changed project path to: C:/Users/meare/Desktop/Cargame/UnityProject
C:/Users/meare/Desktop/Cargame/UnityProject
[UnityMemory] Configuration Parameters - Can be set up in boot.config
    "memorysetup-bucket-allocator-granularity=16"
    "memorysetup-bucket-allocator-bucket-count=8"
    "memorysetup-bucket-allocator-block-size=33554432"
    "memorysetup-bucket-allocator-block-count=8"
    "memorysetup-main-allocator-block-size=16777216"
    "memorysetup-thread-allocator-block-size=16777216"
    "memorysetup-gfx-main-allocator-block-size=16777216"
    "memorysetup-gfx-thread-allocator-block-size=16777216"
    "memorysetup-cache-allocator-block-size=4194304"
    "memorysetup-typetree-allocator-block-size=2097152"
    "memorysetup-profiler-bucket-allocator-granularity=16"
    "memorysetup-profiler-bucket-allocator-bucket-count=8"
    "memorysetup-profiler-bucket-allocator-block-size=33554432"
    "memorysetup-profiler-bucket-allocator-block-count=8"
    "memorysetup-profiler-allocator-block-size=16777216"
    "memorysetup-profiler-editor-allocator-block-size=1048576"
    "memorysetup-temp-allocator-size-main=16777216"
    "memorysetup-job-temp-allocator-block-size=2097152"
    "memorysetup-job-temp-allocator-block-size-background=1048576"
    "memorysetup-job-temp-allocator-reduction-small-platforms=262144"
    "memorysetup-temp-allocator-size-background-worker=32768"
    "memorysetup-temp-allocator-size-job-worker=262144"
    "memorysetup-temp-allocator-size-preload-manager=33554432"
    "memorysetup-temp-allocator-size-nav-mesh-worker=65536"
    "memorysetup-temp-allocator-size-audio-worker=65536"
    "memorysetup-temp-allocator-size-cloud-worker=32768"
    "memorysetup-temp-allocator-size-gi-baking-worker=262144"
    "memorysetup-temp-allocator-size-gfx=262144"
Refreshing native plugins compatible for Editor in 85.35 ms, found 3 plugins.
Preloading 0 native plugins for Editor in 0.00 ms.
Initialize engine version: 2021.3.2f1 (d6360bedb9a0)
[Subsystems] Discovering subsystems at path C:/Program Files/Unity/Hub/Editor/2021.3.2f1/Editor/Data/Resources/UnitySubsystems
[Subsystems] Discovering subsystems at path C:/Users/meare/Desktop/Cargame/UnityProject/Assets
GfxDevice: creating device client; threaded=0; jobified=0
Direct3D:
    Version:  Direct3D 11.0 [level 11.1]
    Renderer: NVIDIA GeForce RTX 4070 (ID=0x2786)
    Vendor:   NVIDIA
    VRAM:     12011 MB
    Driver:   31.0.15.5161
Initialize mono
Mono path[0] = 'C:/Program Files/Unity/Hub/Editor/2021.3.2f1/Editor/Data/Managed'
Mono path[1] = 'C:/Program Files/Unity/Hub/Editor/2021.3.2f1/Editor/Data/MonoBleedingEdge/lib/mono/unityjit-win32'
Mono config path = 'C:/Program Files/Unity/Hub/Editor/2021.3.2f1/Editor/Data/MonoBleedingEdge/etc'
Using monoOptions --debugger-agent=transport=dt_socket,embedding=1,server=y,suspend=n,address=127.0.0.1:56864
Begin MonoManager ReloadAssembly
Registering precompiled unity dll's ...
Register platform support module: C:/Program Files/Unity/Hub/Editor/2021.3.2f1/Editor/Data/PlaybackEngines/WebGLSupport/UnityEditor.WebGL.Extensions.dll
Register platform support module: C:/Program Files/Unity/Hub/Editor/2021.3.2f1/Editor/Data/PlaybackEngines/WindowsStandaloneSupport/UnityEditor.WindowsStandalone.Extensions.dll
Registered in 0.010301 seconds.
Native extension for WindowsStandalone target not found
Native extension for WebGL target not found
Refreshing native plugins compatible for Editor in 87.90 ms, found 3 plugins.
Preloading 0 native plugins for Editor in 0.00 ms.
Mono: successfully reloaded assembly
- Completed reload, in  0.642 seconds
Domain Reload Profiling:
	ReloadAssembly (643ms)
		BeginReloadAssembly (69ms)
			ExecutionOrderSort (0ms)
			DisableScriptedObjects (0ms)
			BackupInstance (0ms)
			ReleaseScriptingObjects (0ms)
			CreateAndSetChildDomain (1ms)
		EndReloadAssembly (465ms)
			LoadAssemblies (67ms)
			RebuildTransferFunctionScriptingTraits (0ms)
			SetupTypeCache (105ms)
			ReleaseScriptCaches (0ms)
			RebuildScriptCaches (25ms)
			SetupLoadedEditorAssemblies (284ms)
				LogAssemblyErrors (0ms)
				InitializePlatformSupportModulesInManaged (10ms)
				SetLoadedEditorAssemblies (0ms)
				RefreshPlugins (88ms)
				BeforeProcessingInitializeOnLoad (1ms)
				ProcessInitializeOnLoadAttributes (142ms)
				ProcessInitializeOnLoadMethodAttributes (43ms)
				AfterProcessingInitializeOnLoad (0ms)
				EditorAssembliesLoaded (0ms)
			ExecutionOrderSort2 (0ms)
			AwakeInstancesAfterBackupRestoration (0ms)
Platform modules already initialized, skipping
Registering precompiled user dll's ...
Registered in 0.007681 seconds.
Begin MonoManager ReloadAssembly
Symbol file LoadedFromMemory doesn't match image C:\Users\meare\Desktop\Cargame\UnityProject\Library\PackageCache\com.unity.visualscripting@1.7.6\Editor\VisualScripting.Core\Dependencies\YamlDotNet\Unity.VisualScripting.YamlDotNet.dll
Symbol file LoadedFromMemory doesn't match image C:\Users\meare\Desktop\Cargame\UnityProject\Library\PackageCache\com.unity.visualscripting@1.7.6\Editor\VisualScripting.Core\Dependencies\DotNetZip\Unity.VisualScripting.IonicZip.dll
Native extension for WindowsStandalone target not found
Native extension for WebGL target not found
Refreshing native plugins compatible for Editor in 89.99 ms, found 3 plugins.
Preloading 0 native plugins for Editor in 0.00 ms.
Package Manager log level set to [2]
Mono: successfully reloaded assembly
- Completed reload, in  1.119 seconds
Domain Reload Profiling:
	ReloadAssembly (1119ms)
		BeginReloadAssembly (107ms)
			ExecutionOrderSort (0ms)
			DisableScriptedObjects (5ms)
			BackupInstance (0ms)
			ReleaseScriptingObjects (0ms)
			CreateAndSetChildDomain (19ms)
		EndReloadAssembly (892ms)
			LoadAssemblies (82ms)
			RebuildTransferFunctionScriptingTraits (0ms)
			SetupTypeCache (241ms)
			ReleaseScriptCaches (1ms)
			RebuildScriptCaches (53ms)
			SetupLoadedEditorAssemblies (478ms)
				LogAssemblyErrors (0ms)
				InitializePlatformSupportModulesInManaged (6ms)
				SetLoadedEditorAssemblies (0ms)
				RefreshPlugins (90ms)
				BeforeProcessingInitializeOnLoad (89ms)
				ProcessInitializeOnLoadAttributes (252ms)
				ProcessInitializeOnLoadMethodAttributes (29ms)
				AfterProcessingInitializeOnLoad (11ms)
				EditorAssembliesLoaded (0ms)
			ExecutionOrderSort2 (0ms)
			AwakeInstancesAfterBackupRestoration (6ms)
Platform modules already initialized, skipping
========================================================================
Worker process is ready to serve import requests
Launched and connected shader compiler UnityShaderCompiler.exe after 0.04 seconds
Refreshing native plugins compatible for Editor in 0.76 ms, found 3 plugins.
Preloading 0 native plugins for Editor in 0.00 ms.
Unloading 3756 Unused Serialized files (Serialized files now loaded: 0)
Unloading 32 unused Assets / (34.0 KB). Loaded Objects now: 4376.
Memory consumption went from 237.8 MB to 237.8 MB.
Total: 3.426900 ms (FindLiveObjects: 0.346600 ms CreateObjectMapping: 0.102600 ms MarkObjects: 2.940900 ms  DeleteObjects: 0.035400 ms)

AssetImportParameters requested are different than current active one (requested -> active):
  custom:video-decoder-ogg-theora: a1e56fd34408186e4bbccfd4996cb3dc -> 
  custom:container-muxer-webm: aa71ff27fc2769a1b78a27578f13a17b -> 
  custom:container-demuxer-webm: 4f35f7cbe854078d1ac9338744f61a02 -> 
  custom:video-encoder-webm-vp8: eb34c28f22e8b96e1ab97ce403110664 -> 
  custom:video-codec-MediaFoundation-h265: 746d11721c4dcdbdad8f713fa42b33f4 -> 
  custom:audio-encoder-webm-vorbis: bf7c407c2cedff20999df2af8eb42d56 -> 
  custom:framework-win-MediaFoundation: 216162199b28c13a410421893ffa2e32 -> 
  custom:container-demuxer-ogg: 62fdf1f143b41e24485cea50d1cbac27 -> 
  custom:video-decoder-webm-vp8: 9c59270c3fd7afecdb556c50c9e8de78 -> 
  custom:audio-decoder-ogg-vorbis: bf7c407c2cedff20999df2af8eb42d56 -> 
========================================================================
Received Import Request.
  Time since last request: 490532.807564 seconds.
  path: Assets/FantasyEnvironments/Environments/FBX/Bush1.fbx
  artifactKey: Guid(f93e6482cb24f0c4494510d08f0b66e3) Importer(815301076,1909f56bfc062723c751e8b465ee728b)
Start importing Assets/FantasyEnvironments/Environments/FBX/Bush1.fbx using Guid(f93e6482cb24f0c4494510d08f0b66e3) Importer(815301076,1909f56bfc062723c751e8b465ee728b)  -> (artifact id: '1e0b41c8e6d5815eeca9c6b8437dc416') in 0.178920 seconds 
========================================================================
Received Import Request.
  Time since last request: 0.000019 seconds.
  path: Assets/FantasyEnvironments/Environments/Ambient-Occlusion-Trees/FBX/Birch_tree3.fbx
  artifactKey: Guid(f6feeb777ba150e40945ad3cf246b2c3) Importer(815301076,1909f56bfc062723c751e8b465ee728b)
Start importing Assets/FantasyEnvironments/Environments/Ambient-Occlusion-Trees/FBX/Birch_tree3.fbx using Guid(f6feeb777ba150e40945ad3cf246b2c3) Importer(815301076,1909f56bfc062723c751e8b465ee728b)  -> (artifact id: 'c65ae62d918c00a76446e617f1049c4c') in 0.026263 seconds 
========================================================================
Received Import Request.
  Time since last request: 0.000024 seconds.
  path: Assets/FantasyEnvironments/Environments/Ambient-Occlusion-Trees/Prefabs/Birch_tree2.prefab
  artifactKey: Guid(5219ccfa3b129f645bfb105ac244e8f5) Importer(815301076,1909f56bfc062723c751e8b465ee728b)
Start importing Assets/FantasyEnvironments/Environments/Ambient-Occlusion-Trees/Prefabs/Birch_tree2.prefab using Guid(5219ccfa3b129f645bfb105ac244e8f5) Importer(815301076,1909f56bfc062723c751e8b465ee728b)  -> (artifact id: 'eaa6c8ce5254733f675a93f4bc2166aa') in 0.021289 seconds 
========================================================================
Received Import Request.
  Time since last request: 0.203942 seconds.
  path: Assets/FantasyEnvironments/Environments/Ambient-Occlusion-Trees/Prefabs/Deciduous_tree1.prefab
  artifactKey: Guid(dc20bf501e8161b40859eb66568d49f6) Importer(815301076,1909f56bfc062723c751e8b465ee728b)
Start importing Assets/FantasyEnvironments/Environments/Ambient-Occlusion-Trees/Prefabs/Deciduous_tree1.prefab using Guid(dc20bf501e8161b40859eb66568d49f6) Importer(815301076,1909f56bfc062723c751e8b465ee728b)  -> (artifact id: 'aebba01ee5c20170847c07fa61382475') in 0.053939 seconds 
========================================================================
Received Import Request.
  Time since last request: 0.016219 seconds.
  path: Assets/FantasyEnvironments/Environments/Ambient-Occlusion-Trees/Prefabs/Deciduous_tree2.prefab
  artifactKey: Guid(fb24df3494aa71744879dafcedcc0b86) Importer(815301076,1909f56bfc062723c751e8b465ee728b)
Start importing Assets/FantasyEnvironments/Environments/Ambient-Occlusion-Trees/Prefabs/Deciduous_tree2.prefab using Guid(fb24df3494aa71744879dafcedcc0b86) Importer(815301076,1909f56bfc062723c751e8b465ee728b)  -> (artifact id: 'b0011db203934738defdca60c19b7a3c') in 0.026177 seconds 
========================================================================
Received Import Request.
  Time since last request: 0.361088 seconds.
  path: Assets/FantasyEnvironments/Environments/Ambient-Occlusion-Trees/Prefabs/Deciduous_tree3.prefab
  artifactKey: Guid(f68e891b21d164a4bbe322e20e50633b) Importer(815301076,1909f56bfc062723c751e8b465ee728b)
Start importing Assets/FantasyEnvironments/Environments/Ambient-Occlusion-Trees/Prefabs/Deciduous_tree3.prefab using Guid(f68e891b21d164a4bbe322e20e50633b) Importer(815301076,1909f56bfc062723c751e8b465ee728b)  -> (artifact id: 'f529ce7529380a0aaf9eebb1c47df0e7') in 0.019674 seconds 
========================================================================
Received Import Request.
  Time since last request: 0.035157 seconds.
  path: Assets/FantasyEnvironments/Environments/Ambient-Occlusion-Trees/FBX/Deciduous_tree4.fbx
  artifactKey: Guid(b61ed382693418145ba7ca14acbbde99) Importer(815301076,1909f56bfc062723c751e8b465ee728b)
Start importing Assets/FantasyEnvironments/Environments/Ambient-Occlusion-Trees/FBX/Deciduous_tree4.fbx using Guid(b61ed382693418145ba7ca14acbbde99) Importer(815301076,1909f56bfc062723c751e8b465ee728b)  -> (artifact id: 'd3c9891ab0301c0322cf48e1a8f4de26') in 0.025422 seconds 
========================================================================
Received Import Request.
  Time since last request: 0.348739 seconds.
  path: Assets/FantasyEnvironments/Environments/Ambient-Occlusion-Trees/Prefabs/Deciduous_tree_stump.prefab
  artifactKey: Guid(5a21074ccac8b1e40a90e2b16e16afa4) Importer(815301076,1909f56bfc062723c751e8b465ee728b)
Start importing Assets/FantasyEnvironments/Environments/Ambient-Occlusion-Trees/Prefabs/Deciduous_tree_stump.prefab using Guid(5a21074ccac8b1e40a90e2b16e16afa4) Importer(815301076,1909f56bfc062723c751e8b465ee728b)  -> (artifact id: 'f066fe113ab8c78fe5c16c5f7e6108a1') in 0.031339 seconds 
========================================================================
Received Import Request.
  Time since last request: 0.000022 seconds.
  path: Assets/EasyRoads3D/Resources/ER Road Network.prefab
  artifactKey: Guid(efbc7fb2513d6744ab1bcfac40f0823d) Importer(815301076,1909f56bfc062723c751e8b465ee728b)
Start importing Assets/EasyRoads3D/Resources/ER Road Network.prefab using Guid(efbc7fb2513d6744ab1bcfac40f0823d) Importer(815301076,1909f56bfc062723c751e8b465ee728b)  -> (artifact id: '4365983f747acaf89a9e69a09bb23eff') in 0.039419 seconds 
========================================================================
Received Import Request.
  Time since last request: 0.010702 seconds.
  path: Assets/EasyRoads3D/Resources/ERProRoad.prefab
  artifactKey: Guid(1f87f95e79e2c104f808bba536652594) Importer(815301076,1909f56bfc062723c751e8b465ee728b)
Start importing Assets/EasyRoads3D/Resources/ERProRoad.prefab using Guid(1f87f95e79e2c104f808bba536652594) Importer(815301076,1909f56bfc062723c751e8b465ee728b)  -> (artifact id: 'cf0f53d26e6d12f274af0c05fcf1f4cf') in 0.022148 seconds 
========================================================================
Received Import Request.
  Time since last request: 0.292427 seconds.
  path: Assets/Ciconia Studio/Shaders/Standard Shaders/BuiltIn/Demo Scene/Sources/Models/_Prefabs/Fence(1side).prefab
  artifactKey: Guid(ac2b4bffdeee9634180fd23ecea63432) Importer(815301076,1909f56bfc062723c751e8b465ee728b)
Start importing Assets/Ciconia Studio/Shaders/Standard Shaders/BuiltIn/Demo Scene/Sources/Models/_Prefabs/Fence(1side).prefab using Guid(ac2b4bffdeee9634180fd23ecea63432) Importer(815301076,1909f56bfc062723c751e8b465ee728b)  -> (artifact id: 'b1164acdd6e637f75771fa66edeaed41') in 0.112053 seconds 
========================================================================
Received Import Request.
  Time since last request: 0.000027 seconds.
  path: Assets/FantasyEnvironments/Environments/FBX/Fern3.fbx
  artifactKey: Guid(844781fe3db822648b51a53b3ac4cf6d) Importer(815301076,1909f56bfc062723c751e8b465ee728b)
Start importing Assets/FantasyEnvironments/Environments/FBX/Fern3.fbx using Guid(844781fe3db822648b51a53b3ac4cf6d) Importer(815301076,1909f56bfc062723c751e8b465ee728b)  -> (artifact id: '73a03d88ff9af74436afd59a68d412eb') in 0.026903 seconds 
========================================================================
Received Import Request.
  Time since last request: 1.529163 seconds.
  path: Assets/FantasyEnvironments/Environments/FBX/Plant3.FBX
  artifactKey: Guid(0ebd81a74cccb734e8c5b1aa1620ba01) Importer(815301076,1909f56bfc062723c751e8b465ee728b)
Start importing Assets/FantasyEnvironments/Environments/FBX/Plant3.FBX using Guid(0ebd81a74cccb734e8c5b1aa1620ba01) Importer(815301076,1909f56bfc062723c751e8b465ee728b)  -> (artifact id: 'bef50df0f694e5dfbb40ce700e7eeda6') in 0.033118 seconds 
========================================================================
Received Import Request.
  Time since last request: 1.171022 seconds.
  path: Assets/FantasyEnvironments/Environments/FBX/Flower3.FBX
  artifactKey: Guid(d53294b9a4b41ef49a3d67c368a4eea1) Importer(815301076,1909f56bfc062723c751e8b465ee728b)
Start importing Assets/FantasyEnvironments/Environments/FBX/Flower3.FBX using Guid(d53294b9a4b41ef49a3d67c368a4eea1) Importer(815301076,1909f56bfc062723c751e8b465ee728b)  -> (artifact id: '8e9c668cb0d1b0646948ea883885375a') in 0.023887 seconds 
========================================================================
Received Import Request.
  Time since last request: 0.179296 seconds.
  path: Assets/FantasyEnvironments/Environments/FBX/Flower2.fbx
  artifactKey: Guid(d62931e0a9d452d4b8c6e29df7ab3868) Importer(815301076,1909f56bfc062723c751e8b465ee728b)
Start importing Assets/FantasyEnvironments/Environments/FBX/Flower2.fbx using Guid(d62931e0a9d452d4b8c6e29df7ab3868) Importer(815301076,1909f56bfc062723c751e8b465ee728b)  -> (artifact id: 'f7bb61d357946f2e724c945bf936a612') in 0.025615 seconds 
========================================================================
Received Import Request.
  Time since last request: 0.011530 seconds.
  path: Assets/FantasyEnvironments/Environments/FBX/Flower1.fbx
  artifactKey: Guid(d9b2cda8a1e050e478497f2213c37e99) Importer(815301076,1909f56bfc062723c751e8b465ee728b)
Start importing Assets/FantasyEnvironments/Environments/FBX/Flower1.fbx using Guid(d9b2cda8a1e050e478497f2213c37e99) Importer(815301076,1909f56bfc062723c751e8b465ee728b)  -> (artifact id: '05d6794b3ca6750c519f3b49c8df6c3a') in 0.025637 seconds 
========================================================================
Received Import Request.
  Time since last request: 1902.204738 seconds.
  path: Assets/Assets/Environment/Repeatables/sidewalks/L.fbx
  artifactKey: Guid(e42ace33c39dd584da2139fc2113ced0) Importer(815301076,1909f56bfc062723c751e8b465ee728b)
Start importing Assets/Assets/Environment/Repeatables/sidewalks/L.fbx using Guid(e42ace33c39dd584da2139fc2113ced0) Importer(815301076,1909f56bfc062723c751e8b465ee728b)  -> (artifact id: 'fbd7212987fdc1a365a48629b6e81222') in 0.039209 seconds 
========================================================================
Received Import Request.
  Time since last request: 16.507624 seconds.
  path: Assets/Assets/Environment/Repeatables/sidewalks/L Variant.prefab
  artifactKey: Guid(3417c141dd162bc458c3f56e25631d60) Importer(815301076,1909f56bfc062723c751e8b465ee728b)
Start importing Assets/Assets/Environment/Repeatables/sidewalks/L Variant.prefab using Guid(3417c141dd162bc458c3f56e25631d60) Importer(815301076,1909f56bfc062723c751e8b465ee728b)  -> (artifact id: '6cbf3287e7de72546f114422e81adedd') in 0.015289 seconds 
========================================================================
Received Import Request.
  Time since last request: 104.915134 seconds.
  path: Assets/Assets/Environment/Repeatables/sidewalks/L.fbx
  artifactKey: Guid(e42ace33c39dd584da2139fc2113ced0) Importer(815301076,1909f56bfc062723c751e8b465ee728b)
Start importing Assets/Assets/Environment/Repeatables/sidewalks/L.fbx using Guid(e42ace33c39dd584da2139fc2113ced0) Importer(815301076,1909f56bfc062723c751e8b465ee728b)  -> (artifact id: '070c39b2dd76618c47696e161d1d775d') in 0.031765 seconds 
========================================================================
Received Import Request.
  Time since last request: 11.196239 seconds.
  path: Assets/Assets/Environment/Repeatables/sidewalks/L Variant.prefab
  artifactKey: Guid(3417c141dd162bc458c3f56e25631d60) Importer(815301076,1909f56bfc062723c751e8b465ee728b)
Start importing Assets/Assets/Environment/Repeatables/sidewalks/L Variant.prefab using Guid(3417c141dd162bc458c3f56e25631d60) Importer(815301076,1909f56bfc062723c751e8b465ee728b)  -> (artifact id: '36173c6405c85a0de5866cf53fced049') in 0.015034 seconds 
