Using pre-set license
Built from '2021.3/staging' branch; Version is '2021.3.2f1 (d6360bedb9a0) revision 14038539'; Using compiler version '192829333'; Build Type 'Release'
OS: 'Windows 10  (10.0.19045) 64bit Core' Language: 'en' Physical Memory: 16314 MB
BatchMode: 1, IsHumanControllingUs: 0, StartBugReporterOnCrash: 0, Is64bit: 1, IsPro: 1

COMMAND LINE ARGUMENTS:
C:\Program Files\Unity\Hub\Editor\2021.3.2f1\Editor\Unity.exe
-adb2
-batchMode
-noUpm
-name
AssetImportWorker1
-projectPath
C:/Users/meare/Desktop/Cargame/UnityProject
-logFile
Logs/AssetImportWorker1.log
-srvPort
52911
Successfully changed project path to: C:/Users/meare/Desktop/Cargame/UnityProject
C:/Users/meare/Desktop/Cargame/UnityProject
[UnityMemory] Configuration Parameters - Can be set up in boot.config
    "memorysetup-bucket-allocator-granularity=16"
    "memorysetup-bucket-allocator-bucket-count=8"
    "memorysetup-bucket-allocator-block-size=33554432"
    "memorysetup-bucket-allocator-block-count=8"
    "memorysetup-main-allocator-block-size=16777216"
    "memorysetup-thread-allocator-block-size=16777216"
    "memorysetup-gfx-main-allocator-block-size=16777216"
    "memorysetup-gfx-thread-allocator-block-size=16777216"
    "memorysetup-cache-allocator-block-size=4194304"
    "memorysetup-typetree-allocator-block-size=2097152"
    "memorysetup-profiler-bucket-allocator-granularity=16"
    "memorysetup-profiler-bucket-allocator-bucket-count=8"
    "memorysetup-profiler-bucket-allocator-block-size=33554432"
    "memorysetup-profiler-bucket-allocator-block-count=8"
    "memorysetup-profiler-allocator-block-size=16777216"
    "memorysetup-profiler-editor-allocator-block-size=1048576"
    "memorysetup-temp-allocator-size-main=16777216"
    "memorysetup-job-temp-allocator-block-size=2097152"
    "memorysetup-job-temp-allocator-block-size-background=1048576"
    "memorysetup-job-temp-allocator-reduction-small-platforms=262144"
    "memorysetup-temp-allocator-size-background-worker=32768"
    "memorysetup-temp-allocator-size-job-worker=262144"
    "memorysetup-temp-allocator-size-preload-manager=33554432"
    "memorysetup-temp-allocator-size-nav-mesh-worker=65536"
    "memorysetup-temp-allocator-size-audio-worker=65536"
    "memorysetup-temp-allocator-size-cloud-worker=32768"
    "memorysetup-temp-allocator-size-gi-baking-worker=262144"
    "memorysetup-temp-allocator-size-gfx=262144"
Refreshing native plugins compatible for Editor in 86.35 ms, found 3 plugins.
Preloading 0 native plugins for Editor in 0.00 ms.
Initialize engine version: 2021.3.2f1 (d6360bedb9a0)
[Subsystems] Discovering subsystems at path C:/Program Files/Unity/Hub/Editor/2021.3.2f1/Editor/Data/Resources/UnitySubsystems
[Subsystems] Discovering subsystems at path C:/Users/meare/Desktop/Cargame/UnityProject/Assets
GfxDevice: creating device client; threaded=0; jobified=0
Direct3D:
    Version:  Direct3D 11.0 [level 11.1]
    Renderer: NVIDIA GeForce RTX 4070 (ID=0x2786)
    Vendor:   NVIDIA
    VRAM:     12011 MB
    Driver:   31.0.15.5161
Initialize mono
Mono path[0] = 'C:/Program Files/Unity/Hub/Editor/2021.3.2f1/Editor/Data/Managed'
Mono path[1] = 'C:/Program Files/Unity/Hub/Editor/2021.3.2f1/Editor/Data/MonoBleedingEdge/lib/mono/unityjit-win32'
Mono config path = 'C:/Program Files/Unity/Hub/Editor/2021.3.2f1/Editor/Data/MonoBleedingEdge/etc'
Using monoOptions --debugger-agent=transport=dt_socket,embedding=1,server=y,suspend=n,address=127.0.0.1:56712
Begin MonoManager ReloadAssembly
Registering precompiled unity dll's ...
Register platform support module: C:/Program Files/Unity/Hub/Editor/2021.3.2f1/Editor/Data/PlaybackEngines/WebGLSupport/UnityEditor.WebGL.Extensions.dll
Register platform support module: C:/Program Files/Unity/Hub/Editor/2021.3.2f1/Editor/Data/PlaybackEngines/WindowsStandaloneSupport/UnityEditor.WindowsStandalone.Extensions.dll
Registered in 0.009921 seconds.
Native extension for WindowsStandalone target not found
Native extension for WebGL target not found
Refreshing native plugins compatible for Editor in 131.14 ms, found 3 plugins.
Preloading 0 native plugins for Editor in 0.00 ms.
Mono: successfully reloaded assembly
- Completed reload, in  0.774 seconds
Domain Reload Profiling:
	ReloadAssembly (774ms)
		BeginReloadAssembly (78ms)
			ExecutionOrderSort (0ms)
			DisableScriptedObjects (0ms)
			BackupInstance (0ms)
			ReleaseScriptingObjects (0ms)
			CreateAndSetChildDomain (1ms)
		EndReloadAssembly (580ms)
			LoadAssemblies (76ms)
			RebuildTransferFunctionScriptingTraits (0ms)
			SetupTypeCache (109ms)
			ReleaseScriptCaches (0ms)
			RebuildScriptCaches (45ms)
			SetupLoadedEditorAssemblies (365ms)
				LogAssemblyErrors (0ms)
				InitializePlatformSupportModulesInManaged (12ms)
				SetLoadedEditorAssemblies (0ms)
				RefreshPlugins (131ms)
				BeforeProcessingInitializeOnLoad (2ms)
				ProcessInitializeOnLoadAttributes (174ms)
				ProcessInitializeOnLoadMethodAttributes (45ms)
				AfterProcessingInitializeOnLoad (0ms)
				EditorAssembliesLoaded (0ms)
			ExecutionOrderSort2 (0ms)
			AwakeInstancesAfterBackupRestoration (0ms)
Platform modules already initialized, skipping
Registering precompiled user dll's ...
Registered in 0.007711 seconds.
Begin MonoManager ReloadAssembly
Symbol file LoadedFromMemory doesn't match image C:\Users\meare\Desktop\Cargame\UnityProject\Library\PackageCache\com.unity.visualscripting@1.7.6\Editor\VisualScripting.Core\Dependencies\YamlDotNet\Unity.VisualScripting.YamlDotNet.dll
Symbol file LoadedFromMemory doesn't match image C:\Users\meare\Desktop\Cargame\UnityProject\Library\PackageCache\com.unity.visualscripting@1.7.6\Editor\VisualScripting.Core\Dependencies\DotNetZip\Unity.VisualScripting.IonicZip.dll
Native extension for WindowsStandalone target not found
Native extension for WebGL target not found
Refreshing native plugins compatible for Editor in 78.80 ms, found 3 plugins.
Preloading 0 native plugins for Editor in 0.00 ms.
Package Manager log level set to [2]
Mono: successfully reloaded assembly
- Completed reload, in  1.167 seconds
Domain Reload Profiling:
	ReloadAssembly (1167ms)
		BeginReloadAssembly (128ms)
			ExecutionOrderSort (0ms)
			DisableScriptedObjects (5ms)
			BackupInstance (0ms)
			ReleaseScriptingObjects (0ms)
			CreateAndSetChildDomain (20ms)
		EndReloadAssembly (924ms)
			LoadAssemblies (92ms)
			RebuildTransferFunctionScriptingTraits (0ms)
			SetupTypeCache (255ms)
			ReleaseScriptCaches (1ms)
			RebuildScriptCaches (58ms)
			SetupLoadedEditorAssemblies (484ms)
				LogAssemblyErrors (0ms)
				InitializePlatformSupportModulesInManaged (7ms)
				SetLoadedEditorAssemblies (0ms)
				RefreshPlugins (79ms)
				BeforeProcessingInitializeOnLoad (94ms)
				ProcessInitializeOnLoadAttributes (272ms)
				ProcessInitializeOnLoadMethodAttributes (22ms)
				AfterProcessingInitializeOnLoad (10ms)
				EditorAssembliesLoaded (0ms)
			ExecutionOrderSort2 (0ms)
			AwakeInstancesAfterBackupRestoration (7ms)
Platform modules already initialized, skipping
========================================================================
Worker process is ready to serve import requests
Launched and connected shader compiler UnityShaderCompiler.exe after 0.05 seconds
Refreshing native plugins compatible for Editor in 0.88 ms, found 3 plugins.
Preloading 0 native plugins for Editor in 0.00 ms.
Unloading 3688 Unused Serialized files (Serialized files now loaded: 0)
Unloading 28 unused Assets / (34.0 KB). Loaded Objects now: 4304.
Memory consumption went from 235.5 MB to 235.5 MB.
Total: 3.301000 ms (FindLiveObjects: 0.403700 ms CreateObjectMapping: 0.104600 ms MarkObjects: 2.755000 ms  DeleteObjects: 0.036200 ms)

AssetImportParameters requested are different than current active one (requested -> active):
  custom:video-decoder-ogg-theora: a1e56fd34408186e4bbccfd4996cb3dc -> 
  custom:container-muxer-webm: aa71ff27fc2769a1b78a27578f13a17b -> 
  custom:container-demuxer-webm: 4f35f7cbe854078d1ac9338744f61a02 -> 
  custom:video-encoder-webm-vp8: eb34c28f22e8b96e1ab97ce403110664 -> 
  custom:video-codec-MediaFoundation-h265: 746d11721c4dcdbdad8f713fa42b33f4 -> 
  custom:audio-encoder-webm-vorbis: bf7c407c2cedff20999df2af8eb42d56 -> 
  custom:framework-win-MediaFoundation: 216162199b28c13a410421893ffa2e32 -> 
  custom:container-demuxer-ogg: 62fdf1f143b41e24485cea50d1cbac27 -> 
  custom:video-decoder-webm-vp8: 9c59270c3fd7afecdb556c50c9e8de78 -> 
  custom:audio-decoder-ogg-vorbis: bf7c407c2cedff20999df2af8eb42d56 -> 
========================================================================
Received Import Request.
  Time since last request: 339464.801606 seconds.
  path: Assets/Assets/Environment/Repeatables/Lamp 1.prefab
  artifactKey: Guid(3064a839504beab4a8f4b2f3da3e7f6f) Importer(815301076,1909f56bfc062723c751e8b465ee728b)
Start importing Assets/Assets/Environment/Repeatables/Lamp 1.prefab using Guid(3064a839504beab4a8f4b2f3da3e7f6f) Importer(815301076,1909f56bfc062723c751e8b465ee728b)  -> (artifact id: '379dfede75af437d1462a04320e67cd1') in 0.161236 seconds 
========================================================================
Received Import Request.
  Time since last request: 0.000031 seconds.
  path: Assets/Assets/Environment/Repeatables/umbrellaAndChairs with rigidbody.prefab
  artifactKey: Guid(54057f8c563120844b6ad1580bd09a9b) Importer(815301076,1909f56bfc062723c751e8b465ee728b)
Start importing Assets/Assets/Environment/Repeatables/umbrellaAndChairs with rigidbody.prefab using Guid(54057f8c563120844b6ad1580bd09a9b) Importer(815301076,1909f56bfc062723c751e8b465ee728b)  -> (artifact id: '1698e5f47b21c346eb5d8c29055b838c') in 0.023614 seconds 
========================================================================
Received Import Request.
  Time since last request: 0.000036 seconds.
  path: Assets/Assets/Environment/Repeatables/BarrierGreen.prefab
  artifactKey: Guid(13f288f512617cd4bb53596f44889cda) Importer(815301076,1909f56bfc062723c751e8b465ee728b)
Start importing Assets/Assets/Environment/Repeatables/BarrierGreen.prefab using Guid(13f288f512617cd4bb53596f44889cda) Importer(815301076,1909f56bfc062723c751e8b465ee728b)  -> (artifact id: 'a1f09dff45583e8a50e6033ac7b4a1da') in 0.018101 seconds 
========================================================================
Received Import Request.
  Time since last request: 0.000034 seconds.
  path: Assets/Assets/Environment/Repeatables/woodplanks.jpg
  artifactKey: Guid(25d10baf145404c41b8d1aab35a5b303) Importer(815301076,1909f56bfc062723c751e8b465ee728b)
Start importing Assets/Assets/Environment/Repeatables/woodplanks.jpg using Guid(25d10baf145404c41b8d1aab35a5b303) Importer(815301076,1909f56bfc062723c751e8b465ee728b)  -> (artifact id: '3110c41bfe0553d2f3a9b633bac1109a') in 0.026303 seconds 
========================================================================
Received Import Request.
  Time since last request: 0.000041 seconds.
  path: Assets/Assets/Environment/Repeatables/tableAndBenches With Rigidbody.prefab
  artifactKey: Guid(3d29e7cc42247ed4fb742faef9ca2285) Importer(815301076,1909f56bfc062723c751e8b465ee728b)
Start importing Assets/Assets/Environment/Repeatables/tableAndBenches With Rigidbody.prefab using Guid(3d29e7cc42247ed4fb742faef9ca2285) Importer(815301076,1909f56bfc062723c751e8b465ee728b)  -> (artifact id: '51403cd3401eb5efd71a424da1577a10') in 0.021978 seconds 
========================================================================
Received Import Request.
  Time since last request: 0.000030 seconds.
  path: Assets/Assets/Environment/Repeatables/Tileable eroded scratch metal texture background 06.jpg
  artifactKey: Guid(335242f7db7541840af4913f1eef7192) Importer(815301076,1909f56bfc062723c751e8b465ee728b)
Start importing Assets/Assets/Environment/Repeatables/Tileable eroded scratch metal texture background 06.jpg using Guid(335242f7db7541840af4913f1eef7192) Importer(815301076,1909f56bfc062723c751e8b465ee728b)  -> (artifact id: '295326e34477c7460fde706eabc8cdbb') in 0.017551 seconds 
========================================================================
Received Import Request.
  Time since last request: 0.000020 seconds.
  path: Assets/Assets/Environment/Repeatables/wood.jpg
  artifactKey: Guid(2f3b0a9ade005724fbbf834d225f09e0) Importer(815301076,1909f56bfc062723c751e8b465ee728b)
Start importing Assets/Assets/Environment/Repeatables/wood.jpg using Guid(2f3b0a9ade005724fbbf834d225f09e0) Importer(815301076,1909f56bfc062723c751e8b465ee728b)  -> (artifact id: 'abed5440164045e1a944ab30c0cf8671') in 0.015089 seconds 
========================================================================
Received Import Request.
  Time since last request: 0.000024 seconds.
  path: Assets/Assets/Environment/Repeatables/Capture.PNG
  artifactKey: Guid(2c2cd7940f256f84482831c71517381b) Importer(815301076,1909f56bfc062723c751e8b465ee728b)
Start importing Assets/Assets/Environment/Repeatables/Capture.PNG using Guid(2c2cd7940f256f84482831c71517381b) Importer(815301076,1909f56bfc062723c751e8b465ee728b)  -> (artifact id: '7fdbb3ae8b3f7dbf9449918d38d6b4ca') in 0.019767 seconds 
========================================================================
Received Import Request.
  Time since last request: 0.000042 seconds.
  path: Assets/Assets/Environment/Repeatables/planter Variant.prefab
  artifactKey: Guid(ff4fca781b141a24a8318bacc415cada) Importer(815301076,1909f56bfc062723c751e8b465ee728b)
Start importing Assets/Assets/Environment/Repeatables/planter Variant.prefab using Guid(ff4fca781b141a24a8318bacc415cada) Importer(815301076,1909f56bfc062723c751e8b465ee728b)  -> (artifact id: 'dca1e13b37bc89f17ccd8783108dd960') in 0.057464 seconds 
========================================================================
Received Import Request.
  Time since last request: 0.000020 seconds.
  path: Assets/Assets/Environment/Repeatables
  artifactKey: Guid(fcaa056c8d973a943b70d97b919b07c8) Importer(815301076,1909f56bfc062723c751e8b465ee728b)
Start importing Assets/Assets/Environment/Repeatables using Guid(fcaa056c8d973a943b70d97b919b07c8) Importer(815301076,1909f56bfc062723c751e8b465ee728b)  -> (artifact id: '007f71f0bb94e3daa60d1f4d393bb509') in 0.010014 seconds 
========================================================================
Received Import Request.
  Time since last request: 218.420834 seconds.
  path: Assets/Assets/Environment/Repeatables/apartment_block6.png
  artifactKey: Guid(808a68730513cb5429097e90f75b0185) Importer(815301076,1909f56bfc062723c751e8b465ee728b)
Start importing Assets/Assets/Environment/Repeatables/apartment_block6.png using Guid(808a68730513cb5429097e90f75b0185) Importer(815301076,1909f56bfc062723c751e8b465ee728b)  -> (artifact id: '90e35b79b25769e45ad26c53dda6ca66') in 0.024951 seconds 
========================================================================
Received Import Request.
  Time since last request: 0.000025 seconds.
  path: Assets/Assets/Environment/Repeatables/building_liver.png
  artifactKey: Guid(535360db2c060b446b2d36c912cf4696) Importer(815301076,1909f56bfc062723c751e8b465ee728b)
Start importing Assets/Assets/Environment/Repeatables/building_liver.png using Guid(535360db2c060b446b2d36c912cf4696) Importer(815301076,1909f56bfc062723c751e8b465ee728b)  -> (artifact id: '354178a23878f854c782ea82988ef93a') in 0.020547 seconds 
========================================================================
Received Import Request.
  Time since last request: 0.000028 seconds.
  path: Assets/Assets/Environment/Repeatables/building_hsp.png
  artifactKey: Guid(f3bc9652cf1d6fc44b79e984b0a37186) Importer(815301076,1909f56bfc062723c751e8b465ee728b)
Start importing Assets/Assets/Environment/Repeatables/building_hsp.png using Guid(f3bc9652cf1d6fc44b79e984b0a37186) Importer(815301076,1909f56bfc062723c751e8b465ee728b)  -> (artifact id: '6d3273241766b6a224f7e22032206523') in 0.015669 seconds 
========================================================================
Received Import Request.
  Time since last request: 0.000032 seconds.
  path: Assets/Assets/Environment/Repeatables/apartment_block7.png
  artifactKey: Guid(e2f2a8f7ed58cdc47a40212b064ef0dd) Importer(815301076,1909f56bfc062723c751e8b465ee728b)
Start importing Assets/Assets/Environment/Repeatables/apartment_block7.png using Guid(e2f2a8f7ed58cdc47a40212b064ef0dd) Importer(815301076,1909f56bfc062723c751e8b465ee728b)  -> (artifact id: '50b8a0b10fe6d72ace2f160beeb1caf2') in 0.016313 seconds 
========================================================================
Received Import Request.
  Time since last request: 0.000031 seconds.
  path: Assets/Assets/Environment/Repeatables/greybricks.jpg
  artifactKey: Guid(f3d2ba7176b13b44f9becc249caf1275) Importer(815301076,1909f56bfc062723c751e8b465ee728b)
Start importing Assets/Assets/Environment/Repeatables/greybricks.jpg using Guid(f3d2ba7176b13b44f9becc249caf1275) Importer(815301076,1909f56bfc062723c751e8b465ee728b)  -> (artifact id: '2c202fc70752eb1910b6aa012c2a570d') in 0.015451 seconds 
========================================================================
Received Import Request.
  Time since last request: 0.000032 seconds.
  path: Assets/Assets/Environment/Repeatables/building_office5.png
  artifactKey: Guid(b2a8d3b62998f4441a2585be57ace975) Importer(815301076,1909f56bfc062723c751e8b465ee728b)
Start importing Assets/Assets/Environment/Repeatables/building_office5.png using Guid(b2a8d3b62998f4441a2585be57ace975) Importer(815301076,1909f56bfc062723c751e8b465ee728b)  -> (artifact id: 'f20c1ed92aad99bae7e1d60cfca130be') in 0.013973 seconds 
========================================================================
Received Import Request.
  Time since last request: 0.000025 seconds.
  path: Assets/Assets/Environment/Repeatables/apartments2_side.png
  artifactKey: Guid(f42ce45e6247b4f4681a8bf351ba4801) Importer(815301076,1909f56bfc062723c751e8b465ee728b)
Start importing Assets/Assets/Environment/Repeatables/apartments2_side.png using Guid(f42ce45e6247b4f4681a8bf351ba4801) Importer(815301076,1909f56bfc062723c751e8b465ee728b)  -> (artifact id: '6408229ebff67210b91b57a37da84849') in 0.018583 seconds 
========================================================================
Received Import Request.
  Time since last request: 0.000030 seconds.
  path: Assets/Assets/Environment/Repeatables/building_mirrored.png
  artifactKey: Guid(a4cec8ddf20e514468e0f490c1ba5559) Importer(815301076,1909f56bfc062723c751e8b465ee728b)
Start importing Assets/Assets/Environment/Repeatables/building_mirrored.png using Guid(a4cec8ddf20e514468e0f490c1ba5559) Importer(815301076,1909f56bfc062723c751e8b465ee728b)  -> (artifact id: 'ba7fd7e393b90abadcfaccd827bfd0a7') in 0.015211 seconds 
========================================================================
Received Import Request.
  Time since last request: 0.000033 seconds.
  path: Assets/Assets/Environment/Repeatables/building_office10.png
  artifactKey: Guid(d0763652b54aa7245a186f24a7edc34e) Importer(815301076,1909f56bfc062723c751e8b465ee728b)
Start importing Assets/Assets/Environment/Repeatables/building_office10.png using Guid(d0763652b54aa7245a186f24a7edc34e) Importer(815301076,1909f56bfc062723c751e8b465ee728b)  -> (artifact id: 'f802bc36fc20edf6cab467131df436e3') in 0.018180 seconds 
========================================================================
Received Import Request.
  Time since last request: 0.000041 seconds.
  path: Assets/Assets/Environment/Repeatables/apartments2-2.png
  artifactKey: Guid(81f6c1e8b39fe3a48a1222cf92ddcc03) Importer(815301076,1909f56bfc062723c751e8b465ee728b)
Start importing Assets/Assets/Environment/Repeatables/apartments2-2.png using Guid(81f6c1e8b39fe3a48a1222cf92ddcc03) Importer(815301076,1909f56bfc062723c751e8b465ee728b)  -> (artifact id: 'be6911bdc276290e9f7014503b5c1277') in 0.022564 seconds 
Editor requested this worker to shutdown with reason: Scaling down because of idle timeout
AssetImportWorker is now disconnected from the server
Process exiting
Exiting without the bug reporter. Application will terminate with return code 0