Using pre-set license
Built from '2021.3/staging' branch; Version is '2021.3.2f1 (d6360bedb9a0) revision 14038539'; Using compiler version '192829333'; Build Type 'Release'
OS: 'Windows 10  (10.0.19045) 64bit Core' Language: 'en' Physical Memory: 16314 MB
BatchMode: 1, IsHumanControllingUs: 0, StartBugReporterOnCrash: 0, Is64bit: 1, IsPro: 1

COMMAND LINE ARGUMENTS:
C:\Program Files\Unity\Hub\Editor\2021.3.2f1\Editor\Unity.exe
-adb2
-batchMode
-noUpm
-name
AssetImportWorker2
-projectPath
C:/Users/meare/Desktop/Cargame/UnityProject
-logFile
Logs/AssetImportWorker2.log
-srvPort
52911
Successfully changed project path to: C:/Users/meare/Desktop/Cargame/UnityProject
C:/Users/meare/Desktop/Cargame/UnityProject
[UnityMemory] Configuration Parameters - Can be set up in boot.config
    "memorysetup-bucket-allocator-granularity=16"
    "memorysetup-bucket-allocator-bucket-count=8"
    "memorysetup-bucket-allocator-block-size=33554432"
    "memorysetup-bucket-allocator-block-count=8"
    "memorysetup-main-allocator-block-size=16777216"
    "memorysetup-thread-allocator-block-size=16777216"
    "memorysetup-gfx-main-allocator-block-size=16777216"
    "memorysetup-gfx-thread-allocator-block-size=16777216"
    "memorysetup-cache-allocator-block-size=4194304"
    "memorysetup-typetree-allocator-block-size=2097152"
    "memorysetup-profiler-bucket-allocator-granularity=16"
    "memorysetup-profiler-bucket-allocator-bucket-count=8"
    "memorysetup-profiler-bucket-allocator-block-size=33554432"
    "memorysetup-profiler-bucket-allocator-block-count=8"
    "memorysetup-profiler-allocator-block-size=16777216"
    "memorysetup-profiler-editor-allocator-block-size=1048576"
    "memorysetup-temp-allocator-size-main=16777216"
    "memorysetup-job-temp-allocator-block-size=2097152"
    "memorysetup-job-temp-allocator-block-size-background=1048576"
    "memorysetup-job-temp-allocator-reduction-small-platforms=262144"
    "memorysetup-temp-allocator-size-background-worker=32768"
    "memorysetup-temp-allocator-size-job-worker=262144"
    "memorysetup-temp-allocator-size-preload-manager=33554432"
    "memorysetup-temp-allocator-size-nav-mesh-worker=65536"
    "memorysetup-temp-allocator-size-audio-worker=65536"
    "memorysetup-temp-allocator-size-cloud-worker=32768"
    "memorysetup-temp-allocator-size-gi-baking-worker=262144"
    "memorysetup-temp-allocator-size-gfx=262144"
Refreshing native plugins compatible for Editor in 86.49 ms, found 3 plugins.
Preloading 0 native plugins for Editor in 0.00 ms.
Initialize engine version: 2021.3.2f1 (d6360bedb9a0)
[Subsystems] Discovering subsystems at path C:/Program Files/Unity/Hub/Editor/2021.3.2f1/Editor/Data/Resources/UnitySubsystems
[Subsystems] Discovering subsystems at path C:/Users/meare/Desktop/Cargame/UnityProject/Assets
GfxDevice: creating device client; threaded=0; jobified=0
Direct3D:
    Version:  Direct3D 11.0 [level 11.1]
    Renderer: NVIDIA GeForce RTX 4070 (ID=0x2786)
    Vendor:   NVIDIA
    VRAM:     12011 MB
    Driver:   31.0.15.5161
Initialize mono
Mono path[0] = 'C:/Program Files/Unity/Hub/Editor/2021.3.2f1/Editor/Data/Managed'
Mono path[1] = 'C:/Program Files/Unity/Hub/Editor/2021.3.2f1/Editor/Data/MonoBleedingEdge/lib/mono/unityjit-win32'
Mono config path = 'C:/Program Files/Unity/Hub/Editor/2021.3.2f1/Editor/Data/MonoBleedingEdge/etc'
Using monoOptions --debugger-agent=transport=dt_socket,embedding=1,server=y,suspend=n,address=127.0.0.1:56620
Begin MonoManager ReloadAssembly
Registering precompiled unity dll's ...
Register platform support module: C:/Program Files/Unity/Hub/Editor/2021.3.2f1/Editor/Data/PlaybackEngines/WebGLSupport/UnityEditor.WebGL.Extensions.dll
Register platform support module: C:/Program Files/Unity/Hub/Editor/2021.3.2f1/Editor/Data/PlaybackEngines/WindowsStandaloneSupport/UnityEditor.WindowsStandalone.Extensions.dll
Registered in 0.009668 seconds.
Native extension for WindowsStandalone target not found
Native extension for WebGL target not found
Refreshing native plugins compatible for Editor in 127.09 ms, found 3 plugins.
Preloading 0 native plugins for Editor in 0.00 ms.
Mono: successfully reloaded assembly
- Completed reload, in  0.776 seconds
Domain Reload Profiling:
	ReloadAssembly (776ms)
		BeginReloadAssembly (78ms)
			ExecutionOrderSort (0ms)
			DisableScriptedObjects (0ms)
			BackupInstance (0ms)
			ReleaseScriptingObjects (0ms)
			CreateAndSetChildDomain (1ms)
		EndReloadAssembly (581ms)
			LoadAssemblies (75ms)
			RebuildTransferFunctionScriptingTraits (0ms)
			SetupTypeCache (112ms)
			ReleaseScriptCaches (0ms)
			RebuildScriptCaches (34ms)
			SetupLoadedEditorAssemblies (372ms)
				LogAssemblyErrors (0ms)
				InitializePlatformSupportModulesInManaged (12ms)
				SetLoadedEditorAssemblies (0ms)
				RefreshPlugins (127ms)
				BeforeProcessingInitializeOnLoad (2ms)
				ProcessInitializeOnLoadAttributes (185ms)
				ProcessInitializeOnLoadMethodAttributes (47ms)
				AfterProcessingInitializeOnLoad (0ms)
				EditorAssembliesLoaded (0ms)
			ExecutionOrderSort2 (0ms)
			AwakeInstancesAfterBackupRestoration (0ms)
Platform modules already initialized, skipping
Registering precompiled user dll's ...
Registered in 0.009251 seconds.
Begin MonoManager ReloadAssembly
Symbol file LoadedFromMemory doesn't match image C:\Users\meare\Desktop\Cargame\UnityProject\Library\PackageCache\com.unity.visualscripting@1.7.6\Editor\VisualScripting.Core\Dependencies\YamlDotNet\Unity.VisualScripting.YamlDotNet.dll
Symbol file LoadedFromMemory doesn't match image C:\Users\meare\Desktop\Cargame\UnityProject\Library\PackageCache\com.unity.visualscripting@1.7.6\Editor\VisualScripting.Core\Dependencies\DotNetZip\Unity.VisualScripting.IonicZip.dll
Native extension for WindowsStandalone target not found
Native extension for WebGL target not found
Refreshing native plugins compatible for Editor in 79.64 ms, found 3 plugins.
Preloading 0 native plugins for Editor in 0.00 ms.
Package Manager log level set to [2]
Mono: successfully reloaded assembly
- Completed reload, in  1.145 seconds
Domain Reload Profiling:
	ReloadAssembly (1146ms)
		BeginReloadAssembly (116ms)
			ExecutionOrderSort (0ms)
			DisableScriptedObjects (5ms)
			BackupInstance (0ms)
			ReleaseScriptingObjects (0ms)
			CreateAndSetChildDomain (19ms)
		EndReloadAssembly (905ms)
			LoadAssemblies (92ms)
			RebuildTransferFunctionScriptingTraits (0ms)
			SetupTypeCache (251ms)
			ReleaseScriptCaches (1ms)
			RebuildScriptCaches (54ms)
			SetupLoadedEditorAssemblies (471ms)
				LogAssemblyErrors (0ms)
				InitializePlatformSupportModulesInManaged (8ms)
				SetLoadedEditorAssemblies (0ms)
				RefreshPlugins (80ms)
				BeforeProcessingInitializeOnLoad (88ms)
				ProcessInitializeOnLoadAttributes (262ms)
				ProcessInitializeOnLoadMethodAttributes (23ms)
				AfterProcessingInitializeOnLoad (10ms)
				EditorAssembliesLoaded (0ms)
			ExecutionOrderSort2 (0ms)
			AwakeInstancesAfterBackupRestoration (7ms)
Platform modules already initialized, skipping
========================================================================
Worker process is ready to serve import requests
Launched and connected shader compiler UnityShaderCompiler.exe after 0.05 seconds
Refreshing native plugins compatible for Editor in 0.86 ms, found 3 plugins.
Preloading 0 native plugins for Editor in 0.00 ms.
Unloading 3688 Unused Serialized files (Serialized files now loaded: 0)
Unloading 28 unused Assets / (34.0 KB). Loaded Objects now: 4304.
Memory consumption went from 235.5 MB to 235.5 MB.
Total: 3.106600 ms (FindLiveObjects: 0.423600 ms CreateObjectMapping: 0.103500 ms MarkObjects: 2.546900 ms  DeleteObjects: 0.030900 ms)

AssetImportParameters requested are different than current active one (requested -> active):
  custom:video-decoder-ogg-theora: a1e56fd34408186e4bbccfd4996cb3dc -> 
  custom:container-muxer-webm: aa71ff27fc2769a1b78a27578f13a17b -> 
  custom:container-demuxer-webm: 4f35f7cbe854078d1ac9338744f61a02 -> 
  custom:video-encoder-webm-vp8: eb34c28f22e8b96e1ab97ce403110664 -> 
  custom:video-codec-MediaFoundation-h265: 746d11721c4dcdbdad8f713fa42b33f4 -> 
  custom:audio-encoder-webm-vorbis: bf7c407c2cedff20999df2af8eb42d56 -> 
  custom:framework-win-MediaFoundation: 216162199b28c13a410421893ffa2e32 -> 
  custom:container-demuxer-ogg: 62fdf1f143b41e24485cea50d1cbac27 -> 
  custom:video-decoder-webm-vp8: 9c59270c3fd7afecdb556c50c9e8de78 -> 
  custom:audio-decoder-ogg-vorbis: bf7c407c2cedff20999df2af8eb42d56 -> 
========================================================================
Received Import Request.
  Time since last request: 339464.770807 seconds.
  path: Assets/Assets/Environment/Repeatables/TrafficLight.fbx
  artifactKey: Guid(09181e4e0e1833d4993a06fc3b812ed9) Importer(815301076,1909f56bfc062723c751e8b465ee728b)
Start importing Assets/Assets/Environment/Repeatables/TrafficLight.fbx using Guid(09181e4e0e1833d4993a06fc3b812ed9) Importer(815301076,1909f56bfc062723c751e8b465ee728b)  -> (artifact id: 'fa7fc4a3e3c23c3d8e7fec3eb0c55222') in 0.279439 seconds 
========================================================================
Received Import Request.
  Time since last request: 0.000026 seconds.
  path: Assets/Assets/Environment/Repeatables/grunge-style-old-metal-background-with-stains-scratches.jpg
  artifactKey: Guid(504cbdacf2c0c664883eb8eafe246559) Importer(815301076,1909f56bfc062723c751e8b465ee728b)
Start importing Assets/Assets/Environment/Repeatables/grunge-style-old-metal-background-with-stains-scratches.jpg using Guid(504cbdacf2c0c664883eb8eafe246559) Importer(815301076,1909f56bfc062723c751e8b465ee728b)  -> (artifact id: '6a77916029d803c9c5840bee494c59af') in 0.034487 seconds 
========================================================================
Received Import Request.
  Time since last request: 0.000037 seconds.
  path: Assets/Assets/Environment/Repeatables/Lamp.prefab
  artifactKey: Guid(58fdb066a4f1cdc4797f60560023985e) Importer(815301076,1909f56bfc062723c751e8b465ee728b)
Start importing Assets/Assets/Environment/Repeatables/Lamp.prefab using Guid(58fdb066a4f1cdc4797f60560023985e) Importer(815301076,1909f56bfc062723c751e8b465ee728b)  -> (artifact id: '67b3ce3b715be25f98a7d1766cd89dc5') in 0.029950 seconds 
========================================================================
Received Import Request.
  Time since last request: 0.000027 seconds.
  path: Assets/Assets/Environment/Repeatables/traffic-light.jpg
  artifactKey: Guid(42658954c44a6584883ef45d18a17b3f) Importer(815301076,1909f56bfc062723c751e8b465ee728b)
Start importing Assets/Assets/Environment/Repeatables/traffic-light.jpg using Guid(42658954c44a6584883ef45d18a17b3f) Importer(815301076,1909f56bfc062723c751e8b465ee728b)  -> (artifact id: 'e61b88ceefd0d559a6a6c1c9b7664b2f') in 0.016667 seconds 
========================================================================
Received Import Request.
  Time since last request: 0.000027 seconds.
  path: Assets/Assets/Environment/Repeatables/planter.fbx
  artifactKey: Guid(dd80c92229a3ba94395852ba3f0ee2ee) Importer(815301076,1909f56bfc062723c751e8b465ee728b)
Start importing Assets/Assets/Environment/Repeatables/planter.fbx using Guid(dd80c92229a3ba94395852ba3f0ee2ee) Importer(815301076,1909f56bfc062723c751e8b465ee728b)  -> (artifact id: '1bd4052152914574bf96277b68065455') in 0.032075 seconds 
========================================================================
Received Import Request.
  Time since last request: 0.000021 seconds.
  path: Assets/Assets/Environment/Repeatables/TrafficLight rigidbocy (1) Variant.prefab
  artifactKey: Guid(c441f20629b0fcf46af69e189008df52) Importer(815301076,1909f56bfc062723c751e8b465ee728b)
Start importing Assets/Assets/Environment/Repeatables/TrafficLight rigidbocy (1) Variant.prefab using Guid(c441f20629b0fcf46af69e189008df52) Importer(815301076,1909f56bfc062723c751e8b465ee728b)  -> (artifact id: 'b4a2e61673a0b7476f0a400f1f39199f') in 0.022980 seconds 
========================================================================
Received Import Request.
  Time since last request: 0.000023 seconds.
  path: Assets/Assets/Environment/Repeatables/tableAndBenches.fbx
  artifactKey: Guid(2c536541ee2126e4cad198845f3cc1a9) Importer(815301076,1909f56bfc062723c751e8b465ee728b)
Start importing Assets/Assets/Environment/Repeatables/tableAndBenches.fbx using Guid(2c536541ee2126e4cad198845f3cc1a9) Importer(815301076,1909f56bfc062723c751e8b465ee728b)  -> (artifact id: '72d449b1d3804e7915fd19e94e90e1a3') in 0.063823 seconds 
========================================================================
Received Import Request.
  Time since last request: 9.543933 seconds.
  path: Assets/Assets/Environment/Repeatables/buildingBlock1.blend
  artifactKey: Guid(8f19ca172170ba24aa46c86e9f3418c3) Importer(815301076,1909f56bfc062723c751e8b465ee728b)
Start importing Assets/Assets/Environment/Repeatables/buildingBlock1.blend using Guid(8f19ca172170ba24aa46c86e9f3418c3) Importer(815301076,1909f56bfc062723c751e8b465ee728b)  -> (artifact id: '74d6c6fcd42b7aa068f6b35941d68b03') in 0.178009 seconds 
========================================================================
Received Import Request.
  Time since last request: 122.039582 seconds.
  path: Assets/Assets/Environment/Repeatables/buyldings1.fbx
  artifactKey: Guid(65068af2789528e43abfc3b7a331237d) Importer(815301076,1909f56bfc062723c751e8b465ee728b)
Start importing Assets/Assets/Environment/Repeatables/buyldings1.fbx using Guid(65068af2789528e43abfc3b7a331237d) Importer(815301076,1909f56bfc062723c751e8b465ee728b)  -> (artifact id: '28935dad75833745cf7db6b1055f9349') in 0.128127 seconds 
========================================================================
Received Import Request.
  Time since last request: 70.126988 seconds.
  path: Assets/Assets/Environment/Repeatables/buildingBlock1.fbx
  artifactKey: Guid(8342480d8a344574cab76d28e67a5cd4) Importer(815301076,1909f56bfc062723c751e8b465ee728b)
Start importing Assets/Assets/Environment/Repeatables/buildingBlock1.fbx using Guid(8342480d8a344574cab76d28e67a5cd4) Importer(815301076,1909f56bfc062723c751e8b465ee728b)  -> (artifact id: '1f3e9c4e26bec6e67ef878990b314b56') in 0.235299 seconds 
========================================================================
Received Import Request.
  Time since last request: 16.073677 seconds.
  path: Assets/Assets/Environment/Repeatables/buildingBlock1.fbx
  artifactKey: Guid(8342480d8a344574cab76d28e67a5cd4) Importer(815301076,1909f56bfc062723c751e8b465ee728b)
Start importing Assets/Assets/Environment/Repeatables/buildingBlock1.fbx using Guid(8342480d8a344574cab76d28e67a5cd4) Importer(815301076,1909f56bfc062723c751e8b465ee728b)  -> (artifact id: '5a819ba453d199b03069aabb6a68e92a') in 0.240539 seconds 
========================================================================
Received Import Request.
  Time since last request: 0.000034 seconds.
  path: Assets/Assets/Environment/Repeatables/building_office2.png
  artifactKey: Guid(e653f87e6ee9da7408f558edd773cbea) Importer(815301076,1909f56bfc062723c751e8b465ee728b)
Start importing Assets/Assets/Environment/Repeatables/building_office2.png using Guid(e653f87e6ee9da7408f558edd773cbea) Importer(815301076,1909f56bfc062723c751e8b465ee728b)  -> (artifact id: '56654697af377245dde63ad442398958') in 0.023445 seconds 
========================================================================
Received Prepare
Registering precompiled user dll's ...
Registered in 0.007552 seconds.
Begin MonoManager ReloadAssembly
Symbol file LoadedFromMemory doesn't match image C:\Users\meare\Desktop\Cargame\UnityProject\Library\PackageCache\com.unity.visualscripting@1.7.6\Editor\VisualScripting.Core\Dependencies\YamlDotNet\Unity.VisualScripting.YamlDotNet.dll
Symbol file LoadedFromMemory doesn't match image C:\Users\meare\Desktop\Cargame\UnityProject\Library\PackageCache\com.unity.visualscripting@1.7.6\Editor\VisualScripting.Core\Dependencies\DotNetZip\Unity.VisualScripting.IonicZip.dll
Native extension for WindowsStandalone target not found
Native extension for WebGL target not found
Refreshing native plugins compatible for Editor in 1.08 ms, found 3 plugins.
Preloading 0 native plugins for Editor in 0.00 ms.
Mono: successfully reloaded assembly
- Completed reload, in  1.161 seconds
Domain Reload Profiling:
	ReloadAssembly (1162ms)
		BeginReloadAssembly (144ms)
			ExecutionOrderSort (0ms)
			DisableScriptedObjects (4ms)
			BackupInstance (0ms)
			ReleaseScriptingObjects (0ms)
			CreateAndSetChildDomain (39ms)
		EndReloadAssembly (903ms)
			LoadAssemblies (94ms)
			RebuildTransferFunctionScriptingTraits (0ms)
			SetupTypeCache (281ms)
			ReleaseScriptCaches (2ms)
			RebuildScriptCaches (53ms)
			SetupLoadedEditorAssemblies (418ms)
				LogAssemblyErrors (0ms)
				InitializePlatformSupportModulesInManaged (17ms)
				SetLoadedEditorAssemblies (0ms)
				RefreshPlugins (1ms)
				BeforeProcessingInitializeOnLoad (81ms)
				ProcessInitializeOnLoadAttributes (274ms)
				ProcessInitializeOnLoadMethodAttributes (30ms)
				AfterProcessingInitializeOnLoad (14ms)
				EditorAssembliesLoaded (0ms)
			ExecutionOrderSort2 (0ms)
			AwakeInstancesAfterBackupRestoration (8ms)
Platform modules already initialized, skipping
Refreshing native plugins compatible for Editor in 2.41 ms, found 3 plugins.
Preloading 0 native plugins for Editor in 0.00 ms.
Unloading 3657 Unused Serialized files (Serialized files now loaded: 0)
Unloading 20 unused Assets / (28.5 KB). Loaded Objects now: 4352.
Memory consumption went from 237.6 MB to 237.6 MB.
Total: 3.609900 ms (FindLiveObjects: 0.475800 ms CreateObjectMapping: 0.222600 ms MarkObjects: 2.886600 ms  DeleteObjects: 0.023600 ms)

AssetImportParameters requested are different than current active one (requested -> active):
  custom:video-decoder-ogg-theora: a1e56fd34408186e4bbccfd4996cb3dc -> 
  custom:container-muxer-webm: aa71ff27fc2769a1b78a27578f13a17b -> 
  custom:container-demuxer-webm: 4f35f7cbe854078d1ac9338744f61a02 -> 
  custom:video-encoder-webm-vp8: eb34c28f22e8b96e1ab97ce403110664 -> 
  custom:video-codec-MediaFoundation-h265: 746d11721c4dcdbdad8f713fa42b33f4 -> 
  custom:audio-encoder-webm-vorbis: bf7c407c2cedff20999df2af8eb42d56 -> 
  custom:framework-win-MediaFoundation: 216162199b28c13a410421893ffa2e32 -> 
  custom:container-demuxer-ogg: 62fdf1f143b41e24485cea50d1cbac27 -> 
  custom:video-decoder-webm-vp8: 9c59270c3fd7afecdb556c50c9e8de78 -> 
  custom:audio-decoder-ogg-vorbis: bf7c407c2cedff20999df2af8eb42d56 -> 
========================================================================
Received Prepare
Registering precompiled user dll's ...
Registered in 0.008679 seconds.
Begin MonoManager ReloadAssembly
Symbol file LoadedFromMemory doesn't match image C:\Users\meare\Desktop\Cargame\UnityProject\Library\PackageCache\com.unity.visualscripting@1.7.6\Editor\VisualScripting.Core\Dependencies\YamlDotNet\Unity.VisualScripting.YamlDotNet.dll
Symbol file LoadedFromMemory doesn't match image C:\Users\meare\Desktop\Cargame\UnityProject\Library\PackageCache\com.unity.visualscripting@1.7.6\Editor\VisualScripting.Core\Dependencies\DotNetZip\Unity.VisualScripting.IonicZip.dll
Native extension for WindowsStandalone target not found
Native extension for WebGL target not found
Refreshing native plugins compatible for Editor in 0.86 ms, found 3 plugins.
Preloading 0 native plugins for Editor in 0.00 ms.
Mono: successfully reloaded assembly
- Completed reload, in  1.131 seconds
Domain Reload Profiling:
	ReloadAssembly (1131ms)
		BeginReloadAssembly (136ms)
			ExecutionOrderSort (0ms)
			DisableScriptedObjects (5ms)
			BackupInstance (0ms)
			ReleaseScriptingObjects (0ms)
			CreateAndSetChildDomain (38ms)
		EndReloadAssembly (890ms)
			LoadAssemblies (89ms)
			RebuildTransferFunctionScriptingTraits (0ms)
			SetupTypeCache (307ms)
			ReleaseScriptCaches (1ms)
			RebuildScriptCaches (42ms)
			SetupLoadedEditorAssemblies (390ms)
				LogAssemblyErrors (0ms)
				InitializePlatformSupportModulesInManaged (16ms)
				SetLoadedEditorAssemblies (0ms)
				RefreshPlugins (1ms)
				BeforeProcessingInitializeOnLoad (77ms)
				ProcessInitializeOnLoadAttributes (254ms)
				ProcessInitializeOnLoadMethodAttributes (29ms)
				AfterProcessingInitializeOnLoad (12ms)
				EditorAssembliesLoaded (0ms)
			ExecutionOrderSort2 (0ms)
			AwakeInstancesAfterBackupRestoration (8ms)
Platform modules already initialized, skipping
Refreshing native plugins compatible for Editor in 3.13 ms, found 3 plugins.
Preloading 0 native plugins for Editor in 0.00 ms.
Unloading 3657 Unused Serialized files (Serialized files now loaded: 0)
Unloading 20 unused Assets / (28.4 KB). Loaded Objects now: 4355.
Memory consumption went from 237.6 MB to 237.6 MB.
Total: 3.837400 ms (FindLiveObjects: 0.381600 ms CreateObjectMapping: 0.093600 ms MarkObjects: 3.331700 ms  DeleteObjects: 0.028500 ms)

AssetImportParameters requested are different than current active one (requested -> active):
  custom:video-decoder-ogg-theora: a1e56fd34408186e4bbccfd4996cb3dc -> 
  custom:container-muxer-webm: aa71ff27fc2769a1b78a27578f13a17b -> 
  custom:container-demuxer-webm: 4f35f7cbe854078d1ac9338744f61a02 -> 
  custom:video-encoder-webm-vp8: eb34c28f22e8b96e1ab97ce403110664 -> 
  custom:video-codec-MediaFoundation-h265: 746d11721c4dcdbdad8f713fa42b33f4 -> 
  custom:audio-encoder-webm-vorbis: bf7c407c2cedff20999df2af8eb42d56 -> 
  custom:framework-win-MediaFoundation: 216162199b28c13a410421893ffa2e32 -> 
  custom:container-demuxer-ogg: 62fdf1f143b41e24485cea50d1cbac27 -> 
  custom:video-decoder-webm-vp8: 9c59270c3fd7afecdb556c50c9e8de78 -> 
  custom:audio-decoder-ogg-vorbis: bf7c407c2cedff20999df2af8eb42d56 -> 
